Using pre-set license
Built from '2020.3/staging' branch; Version is '2020.3.17f1 (a4537701e4ab) revision 10769271'; Using compiler version '192528614'; Build Type 'Release'
OS: 'Windows 10 Pro; OS build 19044.1415; Version 2009; 64bit' Language: 'tr' Physical Memory: 32610 MB
BatchMode: 1, IsHumanControllingUs: 0, StartBugReporterOnCrash: 0, Is64bit: 1, IsPro: 0

COMMAND LINE ARGUMENTS:
C:\Program Files\Unity\Hub\Editor\2020.3.17f1\Editor\Unity.exe
-adb2
-batchMode
-noUpm
-name
AssetImportWorker0
-projectPath
C:/Users/masterxolos/Documents/Unity Projects/Paparazzi Life  3D
-logFile
Logs/AssetImportWorker0.log
-srvPort
51908
Successfully changed project path to: C:/Users/masterxolos/Documents/Unity Projects/Paparazzi Life  3D
C:/Users/masterxolos/Documents/Unity Projects/Paparazzi Life  3D
Using Asset Import Pipeline V2.
Refreshing native plugins compatible for Editor in 93.17 ms, found 5 plugins.
Preloading 0 native plugins for Editor in 0.00 ms.
Initialize engine version: 2020.3.17f1 (a4537701e4ab)
[Subsystems] Discovering subsystems at path C:/Program Files/Unity/Hub/Editor/2020.3.17f1/Editor/Data/Resources/UnitySubsystems
[Subsystems] Discovering subsystems at path C:/Users/masterxolos/Documents/Unity Projects/Paparazzi Life  3D/Assets
GfxDevice: creating device client; threaded=0
Direct3D:
    Version:  Direct3D 11.0 [level 11.1]
    Renderer: NVIDIA GeForce RTX 2070 with Max-Q Design (ID=0x1f10)
    Vendor:   
    VRAM:     8031 MB
    Driver:   30.0.14.9709
Initialize mono
Mono path[0] = 'C:/Program Files/Unity/Hub/Editor/2020.3.17f1/Editor/Data/Managed'
Mono path[1] = 'C:/Program Files/Unity/Hub/Editor/2020.3.17f1/Editor/Data/MonoBleedingEdge/lib/mono/unityjit'
Mono config path = 'C:/Program Files/Unity/Hub/Editor/2020.3.17f1/Editor/Data/MonoBleedingEdge/etc'
Using monoOptions --debugger-agent=transport=dt_socket,embedding=1,server=y,suspend=n,address=127.0.0.1:56924
Begin MonoManager ReloadAssembly
Registering precompiled unity dll's ...
Register platform support module: C:/Program Files/Unity/Hub/Editor/2020.3.17f1/Editor/Data/PlaybackEngines/WindowsStandaloneSupport/UnityEditor.WindowsStandalone.Extensions.dll
Registered in 0.002102 seconds.
Native extension for WindowsStandalone target not found
Refreshing native plugins compatible for Editor in 61.28 ms, found 5 plugins.
Preloading 0 native plugins for Editor in 0.00 ms.
Mono: successfully reloaded assembly
- Completed reload, in  2.583 seconds
Domain Reload Profiling:
	ReloadAssembly (2583ms)
		BeginReloadAssembly (56ms)
			ExecutionOrderSort (0ms)
			DisableScriptedObjects (0ms)
			BackupInstance (0ms)
			ReleaseScriptingObjects (0ms)
			CreateAndSetChildDomain (1ms)
		EndReloadAssembly (433ms)
			LoadAssemblies (54ms)
			RebuildTransferFunctionScriptingTraits (0ms)
			SetupTypeCache (144ms)
			ReleaseScriptCaches (0ms)
			RebuildScriptCaches (28ms)
			SetupLoadedEditorAssemblies (172ms)
				LogAssemblyErrors (0ms)
				InitializePlatformSupportModulesInManaged (4ms)
				SetLoadedEditorAssemblies (0ms)
				RefreshPlugins (61ms)
				BeforeProcessingInitializeOnLoad (11ms)
				ProcessInitializeOnLoadAttributes (69ms)
				ProcessInitializeOnLoadMethodAttributes (26ms)
				AfterProcessingInitializeOnLoad (0ms)
				EditorAssembliesLoaded (0ms)
			ExecutionOrderSort2 (0ms)
			AwakeInstancesAfterBackupRestoration (0ms)
Platform modules already initialized, skipping
Registering precompiled user dll's ...
Registered in 0.031713 seconds.
Begin MonoManager ReloadAssembly
Native extension for WindowsStandalone target not found
Refreshing native plugins compatible for Editor in 0.86 ms, found 5 plugins.
Preloading 0 native plugins for Editor in 0.00 ms.
Mono: successfully reloaded assembly
- Completed reload, in  1.152 seconds
Domain Reload Profiling:
	ReloadAssembly (1153ms)
		BeginReloadAssembly (138ms)
			ExecutionOrderSort (0ms)
			DisableScriptedObjects (4ms)
			BackupInstance (0ms)
			ReleaseScriptingObjects (0ms)
			CreateAndSetChildDomain (18ms)
		EndReloadAssembly (955ms)
			LoadAssemblies (93ms)
			RebuildTransferFunctionScriptingTraits (0ms)
			SetupTypeCache (298ms)
			ReleaseScriptCaches (0ms)
			RebuildScriptCaches (41ms)
			SetupLoadedEditorAssemblies (411ms)
				LogAssemblyErrors (0ms)
				InitializePlatformSupportModulesInManaged (5ms)
				SetLoadedEditorAssemblies (1ms)
				RefreshPlugins (1ms)
				BeforeProcessingInitializeOnLoad (108ms)
				ProcessInitializeOnLoadAttributes (285ms)
				ProcessInitializeOnLoadMethodAttributes (4ms)
				AfterProcessingInitializeOnLoad (7ms)
				EditorAssembliesLoaded (0ms)
			ExecutionOrderSort2 (0ms)
			AwakeInstancesAfterBackupRestoration (7ms)
Platform modules already initialized, skipping
========================================================================
Worker process is ready to serve import requests
Launched and connected shader compiler UnityShaderCompiler.exe after 0.11 seconds
Refreshing native plugins compatible for Editor in 0.88 ms, found 5 plugins.
Preloading 0 native plugins for Editor in 0.00 ms.
Unloading 1701 Unused Serialized files (Serialized files now loaded: 0)
System memory in use before: 152.3 MB.
System memory in use after: 152.4 MB.

Unloading 70 unused Assets to reduce memory usage. Loaded Objects now: 2104.
Total: 3.022900 ms (FindLiveObjects: 0.168000 ms CreateObjectMapping: 0.064100 ms MarkObjects: 2.683200 ms  DeleteObjects: 0.106400 ms)

AssetImportParameters requested are different than current active one (requested -> active):
  requireTextureImportCompression: false -> true
  custom:framework-win-MediaFoundation: 216162199b28c13a410421893ffa2e32 -> 
  custom:video-decoder-ogg-theora: a1e56fd34408186e4bbccfd4996cb3dc -> 
  custom:container-muxer-webm: aa71ff27fc2769a1b78a27578f13a17b -> 
  custom:container-demuxer-webm: 4f35f7cbe854078d1ac9338744f61a02 -> 
  custom:container-demuxer-ogg: 62fdf1f143b41e24485cea50d1cbac27 -> 
  custom:video-encoder-webm-vp8: eb34c28f22e8b96e1ab97ce403110664 -> 
  custom:video-codec-MediaFoundation-h265: 746d11721c4dcdbdad8f713fa42b33f4 -> 
  custom:video-decoder-webm-vp8: 9c59270c3fd7afecdb556c50c9e8de78 -> 
  custom:audio-decoder-ogg-vorbis: bf7c407c2cedff20999df2af8eb42d56 -> 
  custom:audio-encoder-webm-vorbis: bf7c407c2cedff20999df2af8eb42d56 -> 
========================================================================
Received Import Request.
  path: Assets/Tabtale/TTPlugins
  artifactKey: Guid(8663f2638612d46a19e93f07e6019ae1) Importer(815301076,1909f56bfc062723c751e8b465ee728b)
Start importing Assets/Tabtale/TTPlugins using Guid(8663f2638612d46a19e93f07e6019ae1) Importer(815301076,1909f56bfc062723c751e8b465ee728b)  -> (artifact id: 'b623057ba3172b37885cb601d281d4fa') in 0.009845 seconds 
  Import took 0.013055 seconds .

========================================================================
Received Import Request.
  Time since last request: 0.000243 seconds.
  path: Assets/Running (10).fbx
  artifactKey: Guid(1cbd7429b7d7a7e428f28b15d2f015ae) Importer(815301076,1909f56bfc062723c751e8b465ee728b)
Start importing Assets/Running (10).fbx using Guid(1cbd7429b7d7a7e428f28b15d2f015ae) Importer(815301076,1909f56bfc062723c751e8b465ee728b)  -> (artifact id: '5c7869046cef4f9f066a5ca98960e543') in 0.423627 seconds 
  Import took 0.426812 seconds .

========================================================================
Received Import Request.
  Time since last request: 0.000180 seconds.
  path: Assets/Tabtale/TTPlugins/version.txt
  artifactKey: Guid(d9646314f733245058db48435d9d5e49) Importer(815301076,1909f56bfc062723c751e8b465ee728b)
Start importing Assets/Tabtale/TTPlugins/version.txt using Guid(d9646314f733245058db48435d9d5e49) Importer(815301076,1909f56bfc062723c751e8b465ee728b)  -> (artifact id: '9a706e84073b7a60010e295b2368ea16') in 0.012543 seconds 
  Import took 0.015062 seconds .

========================================================================
Received Import Request.
  Time since last request: 0.000220 seconds.
  path: Assets/Tabtale
  artifactKey: Guid(429a5952587464a889ab57b294506170) Importer(815301076,1909f56bfc062723c751e8b465ee728b)
Start importing Assets/Tabtale using Guid(429a5952587464a889ab57b294506170) Importer(815301076,1909f56bfc062723c751e8b465ee728b)  -> (artifact id: 'f0fdfcaf61de1f90d68bdbffebca795f') in 0.005954 seconds 
  Import took 0.008766 seconds .

========================================================================
Received Import Request.
  Time since last request: 0.000279 seconds.
  path: Assets/kusmuk anim.fbx
  artifactKey: Guid(202d93846ca75224d8d48959c6d8ccd7) Importer(815301076,1909f56bfc062723c751e8b465ee728b)
Start importing Assets/kusmuk anim.fbx using Guid(202d93846ca75224d8d48959c6d8ccd7) Importer(815301076,1909f56bfc062723c751e8b465ee728b)  -> (artifact id: '19534efd6052537ce0b7c6f0defb361a') in 0.177613 seconds 
  Import took 0.180636 seconds .

========================================================================
Received Import Request.
  Time since last request: 0.000288 seconds.
  path: Assets/WhatsApp Image 2021-11-24 at 18.06.34.jpeg
  artifactKey: Guid(5aab76dc9824b1944bd6c1e915c41651) Importer(815301076,1909f56bfc062723c751e8b465ee728b)
Start importing Assets/WhatsApp Image 2021-11-24 at 18.06.34.jpeg using Guid(5aab76dc9824b1944bd6c1e915c41651) Importer(815301076,1909f56bfc062723c751e8b465ee728b)  -> (artifact id: 'cab9d0da686ed951583f10cd34dfd67e') in 0.040221 seconds 
  Import took 0.042941 seconds .

AssetImportWorkerClient::OnTransportError - code=2 error=End of file
